2024/02/19 14:15:50 [emerg] 1#1: host not found in upstream "php" in /etc/nginx/conf.d/default.conf:18
2024/02/19 14:16:03 [emerg] 1#1: host not found in upstream "php" in /etc/nginx/conf.d/default.conf:18
2024/02/19 14:16:39 [emerg] 1#1: host not found in upstream "php" in /etc/nginx/conf.d/default.conf:18
2024/02/19 14:19:11 [emerg] 1#1: host not found in upstream "php" in /etc/nginx/conf.d/default.conf:18
2024/02/19 14:19:43 [emerg] 1#1: host not found in upstream "php" in /etc/nginx/conf.d/default.conf:18
2024/02/19 14:25:46 [notice] 1#1: using the "epoll" event method
2024/02/19 14:25:46 [notice] 1#1: nginx/1.25.4
2024/02/19 14:25:46 [notice] 1#1: built by gcc 12.2.1 20220924 (Alpine 12.2.1_git20220924-r10) 
2024/02/19 14:25:46 [notice] 1#1: OS: Linux 5.15.133.1-microsoft-standard-WSL2
2024/02/19 14:25:46 [notice] 1#1: getrlimit(RLIMIT_NOFILE): 1048576:1048576
2024/02/19 14:25:46 [notice] 1#1: start worker processes
2024/02/19 14:25:46 [notice] 1#1: start worker process 29
2024/02/19 14:25:46 [notice] 1#1: start worker process 30
2024/02/19 14:25:46 [notice] 1#1: start worker process 31
2024/02/19 14:25:46 [notice] 1#1: start worker process 32
2024/02/19 14:25:46 [notice] 1#1: start worker process 33
2024/02/19 14:25:46 [notice] 1#1: start worker process 34
2024/02/19 14:25:46 [notice] 1#1: start worker process 35
2024/02/19 14:25:46 [notice] 1#1: start worker process 36
2024/02/19 14:25:46 [notice] 1#1: start worker process 37
2024/02/19 14:25:46 [notice] 1#1: start worker process 38
2024/02/19 14:25:46 [notice] 1#1: start worker process 39
2024/02/19 14:25:46 [notice] 1#1: start worker process 40
2024/02/19 14:25:46 [notice] 1#1: start worker process 41
2024/02/19 14:25:46 [notice] 1#1: start worker process 42
2024/02/19 14:25:46 [notice] 1#1: start worker process 43
2024/02/19 14:25:46 [notice] 1#1: start worker process 44
2024/02/19 14:42:19 [notice] 1#1: signal 3 (SIGQUIT) received, shutting down
2024/02/19 14:42:19 [notice] 29#29: gracefully shutting down
2024/02/19 14:42:19 [notice] 41#41: gracefully shutting down
2024/02/19 14:42:19 [notice] 30#30: gracefully shutting down
2024/02/19 14:42:19 [notice] 31#31: gracefully shutting down
2024/02/19 14:42:19 [notice] 33#33: gracefully shutting down
2024/02/19 14:42:19 [notice] 34#34: gracefully shutting down
2024/02/19 14:42:19 [notice] 35#35: gracefully shutting down
2024/02/19 14:42:19 [notice] 36#36: gracefully shutting down
2024/02/19 14:42:19 [notice] 37#37: gracefully shutting down
2024/02/19 14:42:19 [notice] 38#38: gracefully shutting down
2024/02/19 14:42:19 [notice] 39#39: gracefully shutting down
2024/02/19 14:42:19 [notice] 40#40: gracefully shutting down
2024/02/19 14:42:19 [notice] 32#32: gracefully shutting down
2024/02/19 14:42:19 [notice] 43#43: gracefully shutting down
2024/02/19 14:42:19 [notice] 44#44: gracefully shutting down
2024/02/19 14:42:19 [notice] 42#42: gracefully shutting down
2024/02/19 14:42:19 [notice] 29#29: exiting
2024/02/19 14:42:19 [notice] 41#41: exiting
2024/02/19 14:42:19 [notice] 29#29: exit
2024/02/19 14:42:19 [notice] 30#30: exiting
2024/02/19 14:42:19 [notice] 31#31: exiting
2024/02/19 14:42:19 [notice] 33#33: exiting
2024/02/19 14:42:19 [notice] 34#34: exiting
2024/02/19 14:42:19 [notice] 35#35: exiting
2024/02/19 14:42:19 [notice] 36#36: exiting
2024/02/19 14:42:19 [notice] 37#37: exiting
2024/02/19 14:42:19 [notice] 36#36: exit
2024/02/19 14:42:19 [notice] 38#38: exiting
2024/02/19 14:42:19 [notice] 39#39: exiting
2024/02/19 14:42:19 [notice] 40#40: exiting
2024/02/19 14:42:19 [notice] 43#43: exiting
2024/02/19 14:42:19 [notice] 32#32: exiting
2024/02/19 14:42:19 [notice] 44#44: exiting
2024/02/19 14:42:19 [notice] 42#42: exiting
2024/02/19 14:42:19 [notice] 41#41: exit
2024/02/19 14:42:19 [notice] 30#30: exit
2024/02/19 14:42:19 [notice] 31#31: exit
2024/02/19 14:42:19 [notice] 33#33: exit
2024/02/19 14:42:19 [notice] 34#34: exit
2024/02/19 14:42:19 [notice] 35#35: exit
2024/02/19 14:42:19 [notice] 37#37: exit
2024/02/19 14:42:19 [notice] 38#38: exit
2024/02/19 14:42:19 [notice] 39#39: exit
2024/02/19 14:42:19 [notice] 40#40: exit
2024/02/19 14:42:19 [notice] 43#43: exit
2024/02/19 14:42:19 [notice] 32#32: exit
2024/02/19 14:42:19 [notice] 44#44: exit
2024/02/19 14:42:19 [notice] 42#42: exit
2024/02/19 14:42:19 [notice] 1#1: signal 17 (SIGCHLD) received from 29
2024/02/19 14:42:19 [notice] 1#1: worker process 29 exited with code 0
2024/02/19 14:42:19 [notice] 1#1: signal 29 (SIGIO) received
2024/02/19 14:42:19 [notice] 1#1: signal 17 (SIGCHLD) received from 43
2024/02/19 14:42:19 [notice] 1#1: worker process 43 exited with code 0
2024/02/19 14:42:19 [notice] 1#1: signal 29 (SIGIO) received
2024/02/19 14:42:19 [notice] 1#1: signal 17 (SIGCHLD) received from 41
2024/02/19 14:42:19 [notice] 1#1: worker process 31 exited with code 0
2024/02/19 14:42:19 [notice] 1#1: worker process 34 exited with code 0
2024/02/19 14:42:19 [notice] 1#1: worker process 36 exited with code 0
2024/02/19 14:42:19 [notice] 1#1: worker process 37 exited with code 0
2024/02/19 14:42:19 [notice] 1#1: worker process 39 exited with code 0
2024/02/19 14:42:19 [notice] 1#1: worker process 40 exited with code 0
2024/02/19 14:42:19 [notice] 1#1: worker process 41 exited with code 0
2024/02/19 14:42:19 [notice] 1#1: worker process 42 exited with code 0
2024/02/19 14:42:19 [notice] 1#1: signal 29 (SIGIO) received
2024/02/19 14:42:19 [notice] 1#1: signal 17 (SIGCHLD) received from 31
2024/02/19 14:42:19 [notice] 1#1: signal 17 (SIGCHLD) received from 38
2024/02/19 14:42:19 [notice] 1#1: worker process 30 exited with code 0
2024/02/19 14:42:19 [notice] 1#1: worker process 32 exited with code 0
2024/02/19 14:42:19 [notice] 1#1: worker process 33 exited with code 0
2024/02/19 14:42:19 [notice] 1#1: worker process 38 exited with code 0
2024/02/19 14:42:19 [notice] 1#1: signal 29 (SIGIO) received
2024/02/19 14:42:19 [notice] 1#1: signal 17 (SIGCHLD) received from 33
2024/02/19 14:42:19 [notice] 1#1: signal 17 (SIGCHLD) received from 35
2024/02/19 14:42:19 [notice] 1#1: worker process 35 exited with code 0
2024/02/19 14:42:19 [notice] 1#1: signal 29 (SIGIO) received
2024/02/19 14:42:19 [notice] 1#1: signal 17 (SIGCHLD) received from 44
2024/02/19 14:42:19 [notice] 1#1: worker process 44 exited with code 0
2024/02/19 14:42:19 [notice] 1#1: exit
2024/02/19 14:42:20 [notice] 1#1: using the "epoll" event method
2024/02/19 14:42:20 [notice] 1#1: nginx/1.25.4
2024/02/19 14:42:20 [notice] 1#1: built by gcc 12.2.1 20220924 (Alpine 12.2.1_git20220924-r10) 
2024/02/19 14:42:20 [notice] 1#1: OS: Linux 5.15.133.1-microsoft-standard-WSL2
2024/02/19 14:42:20 [notice] 1#1: getrlimit(RLIMIT_NOFILE): 1048576:1048576
2024/02/19 14:42:20 [notice] 1#1: start worker processes
2024/02/19 14:42:20 [notice] 1#1: start worker process 29
2024/02/19 14:42:20 [notice] 1#1: start worker process 30
2024/02/19 14:42:20 [notice] 1#1: start worker process 31
2024/02/19 14:42:20 [notice] 1#1: start worker process 32
2024/02/19 14:42:20 [notice] 1#1: start worker process 33
2024/02/19 14:42:20 [notice] 1#1: start worker process 34
2024/02/19 14:42:20 [notice] 1#1: start worker process 35
2024/02/19 14:42:20 [notice] 1#1: start worker process 36
2024/02/19 14:42:20 [notice] 1#1: start worker process 37
2024/02/19 14:42:20 [notice] 1#1: start worker process 38
2024/02/19 14:42:20 [notice] 1#1: start worker process 39
2024/02/19 14:42:20 [notice] 1#1: start worker process 40
2024/02/19 14:42:20 [notice] 1#1: start worker process 41
2024/02/19 14:42:20 [notice] 1#1: start worker process 42
2024/02/19 14:42:20 [notice] 1#1: start worker process 43
2024/02/19 14:42:20 [notice] 1#1: start worker process 44
2024/02/19 14:43:02 [notice] 1#1: signal 3 (SIGQUIT) received, shutting down
2024/02/19 14:43:02 [notice] 29#29: gracefully shutting down
2024/02/19 14:43:02 [notice] 30#30: gracefully shutting down
2024/02/19 14:43:02 [notice] 29#29: exiting
2024/02/19 14:43:02 [notice] 31#31: gracefully shutting down
2024/02/19 14:43:02 [notice] 29#29: exit
2024/02/19 14:43:02 [notice] 32#32: gracefully shutting down
2024/02/19 14:43:02 [notice] 33#33: gracefully shutting down
2024/02/19 14:43:02 [notice] 34#34: gracefully shutting down
2024/02/19 14:43:02 [notice] 35#35: gracefully shutting down
2024/02/19 14:43:02 [notice] 36#36: gracefully shutting down
2024/02/19 14:43:02 [notice] 38#38: gracefully shutting down
2024/02/19 14:43:02 [notice] 37#37: gracefully shutting down
2024/02/19 14:43:02 [notice] 39#39: gracefully shutting down
2024/02/19 14:43:02 [notice] 40#40: gracefully shutting down
2024/02/19 14:43:02 [notice] 41#41: gracefully shutting down
2024/02/19 14:43:02 [notice] 42#42: gracefully shutting down
2024/02/19 14:43:02 [notice] 43#43: gracefully shutting down
2024/02/19 14:43:02 [notice] 44#44: gracefully shutting down
2024/02/19 14:43:02 [notice] 31#31: exiting
2024/02/19 14:43:02 [notice] 32#32: exiting
2024/02/19 14:43:02 [notice] 33#33: exiting
2024/02/19 14:43:02 [notice] 34#34: exiting
2024/02/19 14:43:02 [notice] 35#35: exiting
2024/02/19 14:43:02 [notice] 36#36: exiting
2024/02/19 14:43:02 [notice] 38#38: exiting
2024/02/19 14:43:02 [notice] 37#37: exiting
2024/02/19 14:43:02 [notice] 39#39: exiting
2024/02/19 14:43:02 [notice] 40#40: exiting
2024/02/19 14:43:02 [notice] 41#41: exiting
2024/02/19 14:43:02 [notice] 42#42: exiting
2024/02/19 14:43:02 [notice] 43#43: exiting
2024/02/19 14:43:02 [notice] 44#44: exiting
2024/02/19 14:43:02 [notice] 31#31: exit
2024/02/19 14:43:02 [notice] 32#32: exit
2024/02/19 14:43:02 [notice] 33#33: exit
2024/02/19 14:43:02 [notice] 34#34: exit
2024/02/19 14:43:02 [notice] 35#35: exit
2024/02/19 14:43:02 [notice] 36#36: exit
2024/02/19 14:43:02 [notice] 38#38: exit
2024/02/19 14:43:02 [notice] 37#37: exit
2024/02/19 14:43:02 [notice] 39#39: exit
2024/02/19 14:43:02 [notice] 40#40: exit
2024/02/19 14:43:02 [notice] 41#41: exit
2024/02/19 14:43:02 [notice] 42#42: exit
2024/02/19 14:43:02 [notice] 43#43: exit
2024/02/19 14:43:02 [notice] 44#44: exit
2024/02/19 14:43:02 [notice] 1#1: signal 17 (SIGCHLD) received from 39
2024/02/19 14:43:02 [notice] 1#1: worker process 29 exited with code 0
2024/02/19 14:43:02 [notice] 1#1: worker process 32 exited with code 0
2024/02/19 14:43:02 [notice] 1#1: worker process 33 exited with code 0
2024/02/19 14:43:02 [notice] 1#1: worker process 34 exited with code 0
2024/02/19 14:43:02 [notice] 1#1: worker process 37 exited with code 0
2024/02/19 14:43:02 [notice] 1#1: worker process 38 exited with code 0
2024/02/19 14:43:02 [notice] 1#1: worker process 39 exited with code 0
2024/02/19 14:43:02 [notice] 1#1: worker process 41 exited with code 0
2024/02/19 14:43:02 [notice] 1#1: worker process 42 exited with code 0
2024/02/19 14:43:02 [notice] 1#1: worker process 43 exited with code 0
2024/02/19 14:43:02 [notice] 1#1: worker process 44 exited with code 0
2024/02/19 14:43:02 [notice] 1#1: signal 29 (SIGIO) received
2024/02/19 14:43:02 [notice] 1#1: signal 17 (SIGCHLD) received from 38
2024/02/19 14:43:02 [notice] 1#1: signal 17 (SIGCHLD) received from 31
2024/02/19 14:43:02 [notice] 1#1: worker process 31 exited with code 0
2024/02/19 14:43:02 [notice] 1#1: worker process 35 exited with code 0
2024/02/19 14:43:02 [notice] 1#1: worker process 40 exited with code 0
2024/02/19 14:43:02 [notice] 1#1: signal 29 (SIGIO) received
2024/02/19 14:43:02 [notice] 1#1: signal 17 (SIGCHLD) received from 40
2024/02/19 14:43:02 [notice] 1#1: signal 17 (SIGCHLD) received from 36
2024/02/19 14:43:02 [notice] 1#1: worker process 36 exited with code 0
2024/02/19 14:43:02 [notice] 1#1: signal 29 (SIGIO) received
2024/02/19 14:43:12 [notice] 1#1: using the "epoll" event method
2024/02/19 14:43:12 [notice] 1#1: nginx/1.25.4
2024/02/19 14:43:12 [notice] 1#1: built by gcc 12.2.1 20220924 (Alpine 12.2.1_git20220924-r10) 
2024/02/19 14:43:12 [notice] 1#1: OS: Linux 5.15.133.1-microsoft-standard-WSL2
2024/02/19 14:43:12 [notice] 1#1: getrlimit(RLIMIT_NOFILE): 1048576:1048576
2024/02/19 14:43:12 [notice] 1#1: start worker processes
2024/02/19 14:43:12 [notice] 1#1: start worker process 29
2024/02/19 14:43:12 [notice] 1#1: start worker process 30
2024/02/19 14:43:12 [notice] 1#1: start worker process 31
2024/02/19 14:43:12 [notice] 1#1: start worker process 32
2024/02/19 14:43:12 [notice] 1#1: start worker process 33
2024/02/19 14:43:12 [notice] 1#1: start worker process 34
2024/02/19 14:43:12 [notice] 1#1: start worker process 35
2024/02/19 14:43:12 [notice] 1#1: start worker process 36
2024/02/19 14:43:12 [notice] 1#1: start worker process 37
2024/02/19 14:43:12 [notice] 1#1: start worker process 38
2024/02/19 14:43:12 [notice] 1#1: start worker process 39
2024/02/19 14:43:12 [notice] 1#1: start worker process 40
2024/02/19 14:43:12 [notice] 1#1: start worker process 41
2024/02/19 14:43:12 [notice] 1#1: start worker process 42
2024/02/19 14:43:12 [notice] 1#1: start worker process 43
2024/02/19 14:43:12 [notice] 1#1: start worker process 44
2024/02/19 14:45:54 [notice] 1#1: signal 3 (SIGQUIT) received, shutting down
2024/02/19 14:45:54 [notice] 29#29: gracefully shutting down
2024/02/19 14:45:54 [notice] 42#42: gracefully shutting down
2024/02/19 14:45:54 [notice] 30#30: gracefully shutting down
2024/02/19 14:45:54 [notice] 31#31: gracefully shutting down
2024/02/19 14:45:54 [notice] 32#32: gracefully shutting down
2024/02/19 14:45:54 [notice] 33#33: gracefully shutting down
2024/02/19 14:45:54 [notice] 34#34: gracefully shutting down
2024/02/19 14:45:54 [notice] 35#35: gracefully shutting down
2024/02/19 14:45:54 [notice] 37#37: gracefully shutting down
2024/02/19 14:45:54 [notice] 36#36: gracefully shutting down
2024/02/19 14:45:54 [notice] 39#39: gracefully shutting down
2024/02/19 14:45:54 [notice] 38#38: gracefully shutting down
2024/02/19 14:45:54 [notice] 38#38: exiting
2024/02/19 14:45:54 [notice] 40#40: gracefully shutting down
2024/02/19 14:45:54 [notice] 38#38: exit
2024/02/19 14:45:54 [notice] 43#43: gracefully shutting down
2024/02/19 14:45:54 [notice] 41#41: gracefully shutting down
2024/02/19 14:45:54 [notice] 29#29: exiting
2024/02/19 14:45:54 [notice] 44#44: gracefully shutting down
2024/02/19 14:45:54 [notice] 42#42: exiting
2024/02/19 14:45:54 [notice] 30#30: exiting
2024/02/19 14:45:54 [notice] 31#31: exiting
2024/02/19 14:45:54 [notice] 32#32: exiting
2024/02/19 14:45:54 [notice] 33#33: exiting
2024/02/19 14:45:54 [notice] 34#34: exiting
2024/02/19 14:45:54 [notice] 35#35: exiting
2024/02/19 14:45:54 [notice] 37#37: exiting
2024/02/19 14:45:54 [notice] 36#36: exiting
2024/02/19 14:45:54 [notice] 39#39: exiting
2024/02/19 14:45:54 [notice] 40#40: exiting
2024/02/19 14:45:54 [notice] 43#43: exiting
2024/02/19 14:45:54 [notice] 41#41: exiting
2024/02/19 14:45:54 [notice] 29#29: exit
2024/02/19 14:45:54 [notice] 44#44: exiting
2024/02/19 14:45:54 [notice] 42#42: exit
2024/02/19 14:45:54 [notice] 30#30: exit
2024/02/19 14:45:54 [notice] 31#31: exit
2024/02/19 14:45:54 [notice] 32#32: exit
2024/02/19 14:45:54 [notice] 33#33: exit
2024/02/19 14:45:54 [notice] 34#34: exit
2024/02/19 14:45:54 [notice] 35#35: exit
2024/02/19 14:45:54 [notice] 37#37: exit
2024/02/19 14:45:54 [notice] 36#36: exit
2024/02/19 14:45:54 [notice] 39#39: exit
2024/02/19 14:45:54 [notice] 40#40: exit
2024/02/19 14:45:54 [notice] 43#43: exit
2024/02/19 14:45:54 [notice] 41#41: exit
2024/02/19 14:45:54 [notice] 44#44: exit
2024/02/19 14:45:54 [notice] 1#1: signal 17 (SIGCHLD) received from 38
2024/02/19 14:45:54 [notice] 1#1: worker process 32 exited with code 0
2024/02/19 14:45:54 [notice] 1#1: worker process 33 exited with code 0
2024/02/19 14:45:54 [notice] 1#1: worker process 34 exited with code 0
2024/02/19 14:45:54 [notice] 1#1: worker process 37 exited with code 0
2024/02/19 14:45:54 [notice] 1#1: worker process 38 exited with code 0
2024/02/19 14:45:54 [notice] 1#1: worker process 43 exited with code 0
2024/02/19 14:45:54 [notice] 1#1: signal 29 (SIGIO) received
2024/02/19 14:45:54 [notice] 1#1: signal 17 (SIGCHLD) received from 30
2024/02/19 14:45:54 [notice] 1#1: worker process 30 exited with code 0
2024/02/19 14:45:54 [notice] 1#1: signal 29 (SIGIO) received
2024/02/19 14:45:54 [notice] 1#1: signal 17 (SIGCHLD) received from 31
2024/02/19 14:45:54 [notice] 1#1: worker process 31 exited with code 0
2024/02/19 14:45:54 [notice] 1#1: signal 29 (SIGIO) received
2024/02/19 14:45:54 [notice] 1#1: signal 17 (SIGCHLD) received from 36
2024/02/19 14:45:54 [notice] 1#1: worker process 29 exited with code 0
2024/02/19 14:45:54 [notice] 1#1: worker process 36 exited with code 0
2024/02/19 14:45:54 [notice] 1#1: worker process 41 exited with code 0
2024/02/19 14:45:54 [notice] 1#1: worker process 44 exited with code 0
2024/02/19 14:45:54 [notice] 1#1: signal 29 (SIGIO) received
2024/02/19 14:45:54 [notice] 1#1: signal 17 (SIGCHLD) received from 41
2024/02/19 14:45:54 [notice] 1#1: signal 17 (SIGCHLD) received from 40
2024/02/19 14:45:54 [notice] 1#1: worker process 40 exited with code 0
2024/02/19 14:45:54 [notice] 1#1: signal 29 (SIGIO) received
2024/02/19 14:45:54 [notice] 1#1: signal 17 (SIGCHLD) received from 42
2024/02/19 14:45:54 [notice] 1#1: worker process 35 exited with code 0
2024/02/19 14:45:54 [notice] 1#1: worker process 39 exited with code 0
2024/02/19 14:45:54 [notice] 1#1: worker process 42 exited with code 0
2024/02/19 14:45:54 [notice] 1#1: exit
2024/02/19 14:45:55 [notice] 1#1: using the "epoll" event method
2024/02/19 14:45:55 [notice] 1#1: nginx/1.25.4
2024/02/19 14:45:55 [notice] 1#1: built by gcc 12.2.1 20220924 (Alpine 12.2.1_git20220924-r10) 
2024/02/19 14:45:55 [notice] 1#1: OS: Linux 5.15.133.1-microsoft-standard-WSL2
2024/02/19 14:45:55 [notice] 1#1: getrlimit(RLIMIT_NOFILE): 1048576:1048576
2024/02/19 14:45:55 [notice] 1#1: start worker processes
2024/02/19 14:45:55 [notice] 1#1: start worker process 29
2024/02/19 14:45:55 [notice] 1#1: start worker process 30
2024/02/19 14:45:55 [notice] 1#1: start worker process 31
2024/02/19 14:45:55 [notice] 1#1: start worker process 32
2024/02/19 14:45:55 [notice] 1#1: start worker process 33
2024/02/19 14:45:55 [notice] 1#1: start worker process 34
2024/02/19 14:45:55 [notice] 1#1: start worker process 35
2024/02/19 14:45:55 [notice] 1#1: start worker process 36
2024/02/19 14:45:55 [notice] 1#1: start worker process 37
2024/02/19 14:45:55 [notice] 1#1: start worker process 38
2024/02/19 14:45:55 [notice] 1#1: start worker process 39
2024/02/19 14:45:55 [notice] 1#1: start worker process 40
2024/02/19 14:45:55 [notice] 1#1: start worker process 41
2024/02/19 14:45:55 [notice] 1#1: start worker process 42
2024/02/19 14:45:55 [notice] 1#1: start worker process 43
2024/02/19 14:45:55 [notice] 1#1: start worker process 44
2024/02/19 14:49:41 [notice] 1#1: signal 3 (SIGQUIT) received, shutting down
2024/02/19 14:49:41 [notice] 29#29: gracefully shutting down
2024/02/19 14:49:41 [notice] 39#39: gracefully shutting down
2024/02/19 14:49:41 [notice] 30#30: gracefully shutting down
2024/02/19 14:49:41 [notice] 31#31: gracefully shutting down
2024/02/19 14:49:41 [notice] 32#32: gracefully shutting down
2024/02/19 14:49:41 [notice] 34#34: gracefully shutting down
2024/02/19 14:49:41 [notice] 35#35: gracefully shutting down
2024/02/19 14:49:41 [notice] 33#33: gracefully shutting down
2024/02/19 14:49:41 [notice] 36#36: gracefully shutting down
2024/02/19 14:49:41 [notice] 37#37: gracefully shutting down
2024/02/19 14:49:41 [notice] 38#38: gracefully shutting down
2024/02/19 14:49:41 [notice] 40#40: gracefully shutting down
2024/02/19 14:49:41 [notice] 41#41: gracefully shutting down
2024/02/19 14:49:41 [notice] 29#29: exiting
2024/02/19 14:49:41 [notice] 43#43: gracefully shutting down
2024/02/19 14:49:41 [notice] 29#29: exit
2024/02/19 14:49:41 [notice] 42#42: gracefully shutting down
2024/02/19 14:49:41 [notice] 44#44: gracefully shutting down
2024/02/19 14:49:41 [notice] 39#39: exiting
2024/02/19 14:49:41 [notice] 30#30: exiting
2024/02/19 14:49:41 [notice] 31#31: exiting
2024/02/19 14:49:41 [notice] 34#34: exiting
2024/02/19 14:49:41 [notice] 35#35: exiting
2024/02/19 14:49:41 [notice] 33#33: exiting
2024/02/19 14:49:41 [notice] 36#36: exiting
2024/02/19 14:49:41 [notice] 37#37: exiting
2024/02/19 14:49:41 [notice] 38#38: exiting
2024/02/19 14:49:41 [notice] 40#40: exiting
2024/02/19 14:49:41 [notice] 41#41: exiting
2024/02/19 14:49:41 [notice] 43#43: exiting
2024/02/19 14:49:41 [notice] 42#42: exiting
2024/02/19 14:49:41 [notice] 44#44: exiting
2024/02/19 14:49:41 [notice] 39#39: exit
2024/02/19 14:49:41 [notice] 30#30: exit
2024/02/19 14:49:41 [notice] 31#31: exit
2024/02/19 14:49:41 [notice] 34#34: exit
2024/02/19 14:49:41 [notice] 35#35: exit
2024/02/19 14:49:41 [notice] 33#33: exit
2024/02/19 14:49:41 [notice] 36#36: exit
2024/02/19 14:49:41 [notice] 37#37: exit
2024/02/19 14:49:41 [notice] 38#38: exit
2024/02/19 14:49:41 [notice] 40#40: exit
2024/02/19 14:49:41 [notice] 41#41: exit
2024/02/19 14:49:41 [notice] 43#43: exit
2024/02/19 14:49:41 [notice] 42#42: exit
2024/02/19 14:49:41 [notice] 44#44: exit
2024/02/19 14:49:41 [notice] 1#1: signal 17 (SIGCHLD) received from 37
2024/02/19 14:49:41 [notice] 1#1: worker process 33 exited with code 0
2024/02/19 14:49:41 [notice] 1#1: worker process 35 exited with code 0
2024/02/19 14:49:41 [notice] 1#1: worker process 37 exited with code 0
2024/02/19 14:49:41 [notice] 1#1: worker process 38 exited with code 0
2024/02/19 14:49:41 [notice] 1#1: worker process 39 exited with code 0
2024/02/19 14:49:41 [notice] 1#1: worker process 43 exited with code 0
2024/02/19 14:49:41 [notice] 1#1: worker process 44 exited with code 0
2024/02/19 14:49:41 [notice] 1#1: signal 29 (SIGIO) received
2024/02/19 14:49:41 [notice] 1#1: signal 17 (SIGCHLD) received from 33
2024/02/19 14:49:41 [notice] 1#1: signal 17 (SIGCHLD) received from 30
2024/02/19 14:49:41 [notice] 1#1: worker process 30 exited with code 0
2024/02/19 14:49:41 [notice] 1#1: signal 29 (SIGIO) received
2024/02/19 14:49:41 [notice] 1#1: signal 17 (SIGCHLD) received from 29
2024/02/19 14:49:41 [notice] 1#1: worker process 29 exited with code 0
2024/02/19 14:49:41 [notice] 1#1: signal 29 (SIGIO) received
2024/02/19 14:49:41 [notice] 1#1: signal 17 (SIGCHLD) received from 31
2024/02/19 14:49:41 [notice] 1#1: worker process 31 exited with code 0
2024/02/19 14:49:41 [notice] 1#1: worker process 34 exited with code 0
2024/02/19 14:49:41 [notice] 1#1: worker process 41 exited with code 0
2024/02/19 14:49:41 [notice] 1#1: signal 29 (SIGIO) received
2024/02/19 14:49:41 [notice] 1#1: signal 17 (SIGCHLD) received from 41
2024/02/19 14:49:42 [notice] 1#1: signal 17 (SIGCHLD) received from 42
2024/02/19 14:49:42 [notice] 1#1: worker process 36 exited with code 0
2024/02/19 14:49:42 [notice] 1#1: worker process 42 exited with code 0
2024/02/19 14:49:42 [notice] 1#1: signal 29 (SIGIO) received
2024/02/19 14:49:42 [notice] 1#1: signal 17 (SIGCHLD) received from 40
2024/02/19 14:49:42 [notice] 1#1: worker process 40 exited with code 0
2024/02/19 14:49:42 [notice] 1#1: signal 29 (SIGIO) received
2024/02/19 14:49:53 [notice] 1#1: using the "epoll" event method
2024/02/19 14:49:53 [notice] 1#1: nginx/1.25.4
2024/02/19 14:49:53 [notice] 1#1: built by gcc 12.2.1 20220924 (Alpine 12.2.1_git20220924-r10) 
2024/02/19 14:49:53 [notice] 1#1: OS: Linux 5.15.133.1-microsoft-standard-WSL2
2024/02/19 14:49:53 [notice] 1#1: getrlimit(RLIMIT_NOFILE): 1048576:1048576
2024/02/19 14:49:53 [notice] 1#1: start worker processes
2024/02/19 14:49:53 [notice] 1#1: start worker process 29
2024/02/19 14:49:53 [notice] 1#1: start worker process 30
2024/02/19 14:49:53 [notice] 1#1: start worker process 31
2024/02/19 14:49:53 [notice] 1#1: start worker process 32
2024/02/19 14:49:53 [notice] 1#1: start worker process 33
2024/02/19 14:49:53 [notice] 1#1: start worker process 34
2024/02/19 14:49:53 [notice] 1#1: start worker process 35
2024/02/19 14:49:53 [notice] 1#1: start worker process 36
2024/02/19 14:49:53 [notice] 1#1: start worker process 37
2024/02/19 14:49:53 [notice] 1#1: start worker process 38
2024/02/19 14:49:53 [notice] 1#1: start worker process 39
2024/02/19 14:49:53 [notice] 1#1: start worker process 40
2024/02/19 14:49:53 [notice] 1#1: start worker process 41
2024/02/19 14:49:53 [notice] 1#1: start worker process 42
2024/02/19 14:49:53 [notice] 1#1: start worker process 43
2024/02/19 14:49:53 [notice] 1#1: start worker process 44
2024/02/19 14:53:40 [error] 31#31: *4 connect() failed (111: Connection refused) while connecting to upstream, client: 172.20.0.1, server: , request: "GET / HTTP/1.1", upstream: "fastcgi://172.20.0.2:9000", host: "localhost:8000"
2024/02/19 14:54:29 [notice] 1#1: signal 3 (SIGQUIT) received, shutting down
2024/02/19 14:54:29 [notice] 29#29: gracefully shutting down
2024/02/19 14:54:29 [notice] 40#40: gracefully shutting down
2024/02/19 14:54:29 [notice] 30#30: gracefully shutting down
2024/02/19 14:54:29 [notice] 32#32: gracefully shutting down
2024/02/19 14:54:29 [notice] 31#31: gracefully shutting down
2024/02/19 14:54:29 [notice] 33#33: gracefully shutting down
2024/02/19 14:54:29 [notice] 33#33: exiting
2024/02/19 14:54:29 [notice] 34#34: gracefully shutting down
2024/02/19 14:54:29 [notice] 35#35: gracefully shutting down
2024/02/19 14:54:29 [notice] 36#36: gracefully shutting down
2024/02/19 14:54:29 [notice] 37#37: gracefully shutting down
2024/02/19 14:54:29 [notice] 38#38: gracefully shutting down
2024/02/19 14:54:29 [notice] 39#39: gracefully shutting down
2024/02/19 14:54:29 [notice] 41#41: gracefully shutting down
2024/02/19 14:54:29 [notice] 42#42: gracefully shutting down
2024/02/19 14:54:29 [notice] 29#29: exiting
2024/02/19 14:54:29 [notice] 43#43: gracefully shutting down
2024/02/19 14:54:29 [notice] 43#43: exiting
2024/02/19 14:54:29 [notice] 44#44: gracefully shutting down
2024/02/19 14:54:29 [notice] 40#40: exiting
2024/02/19 14:54:29 [notice] 30#30: exiting
2024/02/19 14:54:29 [notice] 31#31: exiting
2024/02/19 14:54:29 [notice] 33#33: exit
2024/02/19 14:54:29 [notice] 34#34: exiting
2024/02/19 14:54:29 [notice] 35#35: exiting
2024/02/19 14:54:29 [notice] 36#36: exiting
2024/02/19 14:54:29 [notice] 37#37: exiting
2024/02/19 14:54:29 [notice] 38#38: exiting
2024/02/19 14:54:29 [notice] 39#39: exiting
2024/02/19 14:54:29 [notice] 41#41: exiting
2024/02/19 14:54:29 [notice] 42#42: exiting
2024/02/19 14:54:29 [notice] 29#29: exit
2024/02/19 14:54:29 [notice] 43#43: exit
2024/02/19 14:54:29 [notice] 44#44: exiting
2024/02/19 14:54:29 [notice] 40#40: exit
2024/02/19 14:54:29 [notice] 30#30: exit
2024/02/19 14:54:29 [notice] 31#31: exit
2024/02/19 14:54:29 [notice] 34#34: exit
2024/02/19 14:54:29 [notice] 35#35: exit
2024/02/19 14:54:29 [notice] 36#36: exit
2024/02/19 14:54:29 [notice] 37#37: exit
2024/02/19 14:54:29 [notice] 38#38: exit
2024/02/19 14:54:29 [notice] 39#39: exit
2024/02/19 14:54:29 [notice] 41#41: exit
2024/02/19 14:54:29 [notice] 42#42: exit
2024/02/19 14:54:29 [notice] 44#44: exit
2024/02/19 14:54:29 [notice] 1#1: signal 17 (SIGCHLD) received from 29
2024/02/19 14:54:29 [notice] 1#1: worker process 29 exited with code 0
2024/02/19 14:54:29 [notice] 1#1: signal 29 (SIGIO) received
2024/02/19 14:54:29 [notice] 1#1: signal 17 (SIGCHLD) received from 44
2024/02/19 14:54:29 [notice] 1#1: worker process 42 exited with code 0
2024/02/19 14:54:29 [notice] 1#1: worker process 43 exited with code 0
2024/02/19 14:54:29 [notice] 1#1: worker process 44 exited with code 0
2024/02/19 14:54:29 [notice] 1#1: signal 29 (SIGIO) received
2024/02/19 14:54:29 [notice] 1#1: signal 17 (SIGCHLD) received from 39
2024/02/19 14:54:29 [notice] 1#1: worker process 33 exited with code 0
2024/02/19 14:54:29 [notice] 1#1: worker process 34 exited with code 0
2024/02/19 14:54:29 [notice] 1#1: worker process 35 exited with code 0
2024/02/19 14:54:29 [notice] 1#1: worker process 39 exited with code 0
2024/02/19 14:54:29 [notice] 1#1: worker process 40 exited with code 0
2024/02/19 14:54:29 [notice] 1#1: signal 29 (SIGIO) received
2024/02/19 14:54:29 [notice] 1#1: signal 17 (SIGCHLD) received from 34
2024/02/19 14:54:29 [notice] 1#1: signal 17 (SIGCHLD) received from 36
2024/02/19 14:54:29 [notice] 1#1: worker process 31 exited with code 0
2024/02/19 14:54:29 [notice] 1#1: worker process 36 exited with code 0
2024/02/19 14:54:29 [notice] 1#1: worker process 37 exited with code 0
2024/02/19 14:54:29 [notice] 1#1: signal 29 (SIGIO) received
2024/02/19 14:54:29 [notice] 1#1: signal 17 (SIGCHLD) received from 37
2024/02/19 14:54:29 [notice] 1#1: signal 17 (SIGCHLD) received from 38
2024/02/19 14:54:29 [notice] 1#1: worker process 38 exited with code 0
2024/02/19 14:54:29 [notice] 1#1: signal 29 (SIGIO) received
2024/02/19 14:54:29 [notice] 1#1: signal 17 (SIGCHLD) received from 30
2024/02/19 14:54:29 [notice] 1#1: worker process 30 exited with code 0
2024/02/19 14:54:29 [notice] 1#1: signal 29 (SIGIO) received
2024/02/19 14:54:29 [notice] 1#1: signal 17 (SIGCHLD) received from 41
2024/02/19 14:54:29 [notice] 1#1: worker process 41 exited with code 0
2024/02/19 14:54:29 [notice] 1#1: signal 29 (SIGIO) received
2024/02/19 14:54:40 [notice] 1#1: using the "epoll" event method
2024/02/19 14:54:40 [notice] 1#1: nginx/1.25.4
2024/02/19 14:54:40 [notice] 1#1: built by gcc 12.2.1 20220924 (Alpine 12.2.1_git20220924-r10) 
2024/02/19 14:54:40 [notice] 1#1: OS: Linux 5.15.133.1-microsoft-standard-WSL2
2024/02/19 14:54:40 [notice] 1#1: getrlimit(RLIMIT_NOFILE): 1048576:1048576
2024/02/19 14:54:40 [notice] 1#1: start worker processes
2024/02/19 14:54:40 [notice] 1#1: start worker process 29
2024/02/19 14:54:40 [notice] 1#1: start worker process 30
2024/02/19 14:54:40 [notice] 1#1: start worker process 31
2024/02/19 14:54:40 [notice] 1#1: start worker process 32
2024/02/19 14:54:40 [notice] 1#1: start worker process 33
2024/02/19 14:54:40 [notice] 1#1: start worker process 34
2024/02/19 14:54:40 [notice] 1#1: start worker process 35
2024/02/19 14:54:40 [notice] 1#1: start worker process 36
2024/02/19 14:54:40 [notice] 1#1: start worker process 37
2024/02/19 14:54:40 [notice] 1#1: start worker process 38
2024/02/19 14:54:40 [notice] 1#1: start worker process 39
2024/02/19 14:54:40 [notice] 1#1: start worker process 40
2024/02/19 14:54:40 [notice] 1#1: start worker process 41
2024/02/19 14:54:40 [notice] 1#1: start worker process 42
2024/02/19 14:54:40 [notice] 1#1: start worker process 43
2024/02/19 14:54:40 [notice] 1#1: start worker process 44
2024/02/19 14:56:33 [notice] 1#1: signal 3 (SIGQUIT) received, shutting down
2024/02/19 14:56:33 [notice] 29#29: gracefully shutting down
2024/02/19 14:56:33 [notice] 30#30: gracefully shutting down
2024/02/19 14:56:33 [notice] 31#31: gracefully shutting down
2024/02/19 14:56:33 [notice] 32#32: gracefully shutting down
2024/02/19 14:56:33 [notice] 33#33: gracefully shutting down
2024/02/19 14:56:33 [notice] 34#34: gracefully shutting down
2024/02/19 14:56:33 [notice] 35#35: gracefully shutting down
2024/02/19 14:56:33 [notice] 36#36: gracefully shutting down
2024/02/19 14:56:33 [notice] 37#37: gracefully shutting down
2024/02/19 14:56:33 [notice] 38#38: gracefully shutting down
2024/02/19 14:56:33 [notice] 39#39: gracefully shutting down
2024/02/19 14:56:33 [notice] 40#40: gracefully shutting down
2024/02/19 14:56:33 [notice] 41#41: gracefully shutting down
2024/02/19 14:56:33 [notice] 42#42: gracefully shutting down
2024/02/19 14:56:33 [notice] 43#43: gracefully shutting down
2024/02/19 14:56:33 [notice] 44#44: gracefully shutting down
2024/02/19 14:56:33 [notice] 29#29: exiting
2024/02/19 14:56:33 [notice] 30#30: exiting
2024/02/19 14:56:33 [notice] 31#31: exiting
2024/02/19 14:56:33 [notice] 32#32: exiting
2024/02/19 14:56:33 [notice] 33#33: exiting
2024/02/19 14:56:33 [notice] 34#34: exiting
2024/02/19 14:56:33 [notice] 35#35: exiting
2024/02/19 14:56:33 [notice] 36#36: exiting
2024/02/19 14:56:33 [notice] 37#37: exiting
2024/02/19 14:56:33 [notice] 38#38: exiting
2024/02/19 14:56:33 [notice] 39#39: exiting
2024/02/19 14:56:33 [notice] 40#40: exiting
2024/02/19 14:56:33 [notice] 41#41: exiting
2024/02/19 14:56:33 [notice] 42#42: exiting
2024/02/19 14:56:33 [notice] 43#43: exiting
2024/02/19 14:56:33 [notice] 44#44: exiting
2024/02/19 14:56:33 [notice] 29#29: exit
2024/02/19 14:56:33 [notice] 30#30: exit
2024/02/19 14:56:33 [notice] 31#31: exit
2024/02/19 14:56:33 [notice] 32#32: exit
2024/02/19 14:56:33 [notice] 33#33: exit
2024/02/19 14:56:33 [notice] 34#34: exit
2024/02/19 14:56:33 [notice] 35#35: exit
2024/02/19 14:56:33 [notice] 36#36: exit
2024/02/19 14:56:33 [notice] 37#37: exit
2024/02/19 14:56:33 [notice] 38#38: exit
2024/02/19 14:56:33 [notice] 39#39: exit
2024/02/19 14:56:33 [notice] 40#40: exit
2024/02/19 14:56:33 [notice] 41#41: exit
2024/02/19 14:56:33 [notice] 42#42: exit
2024/02/19 14:56:33 [notice] 43#43: exit
2024/02/19 14:56:33 [notice] 44#44: exit
2024/02/19 14:56:33 [notice] 1#1: signal 17 (SIGCHLD) received from 30
2024/02/19 14:56:33 [notice] 1#1: worker process 30 exited with code 0
2024/02/19 14:56:33 [notice] 1#1: worker process 31 exited with code 0
2024/02/19 14:56:33 [notice] 1#1: worker process 34 exited with code 0
2024/02/19 14:56:33 [notice] 1#1: worker process 36 exited with code 0
2024/02/19 14:56:33 [notice] 1#1: worker process 40 exited with code 0
2024/02/19 14:56:33 [notice] 1#1: worker process 42 exited with code 0
2024/02/19 14:56:33 [notice] 1#1: signal 29 (SIGIO) received
2024/02/19 14:56:33 [notice] 1#1: signal 17 (SIGCHLD) received from 40
2024/02/19 14:56:33 [notice] 1#1: signal 17 (SIGCHLD) received from 37
2024/02/19 14:56:33 [notice] 1#1: worker process 37 exited with code 0
2024/02/19 14:56:33 [notice] 1#1: worker process 38 exited with code 0
2024/02/19 14:56:33 [notice] 1#1: signal 29 (SIGIO) received
2024/02/19 14:56:33 [notice] 1#1: signal 17 (SIGCHLD) received from 38
2024/02/19 14:56:33 [notice] 1#1: signal 17 (SIGCHLD) received from 35
2024/02/19 14:56:33 [notice] 1#1: worker process 35 exited with code 0
2024/02/19 14:56:33 [notice] 1#1: signal 29 (SIGIO) received
2024/02/19 14:56:33 [notice] 1#1: signal 17 (SIGCHLD) received from 44
2024/02/19 14:56:33 [notice] 1#1: worker process 32 exited with code 0
2024/02/19 14:56:33 [notice] 1#1: worker process 33 exited with code 0
2024/02/19 14:56:33 [notice] 1#1: worker process 41 exited with code 0
2024/02/19 14:56:33 [notice] 1#1: worker process 44 exited with code 0
2024/02/19 14:56:33 [notice] 1#1: signal 29 (SIGIO) received
2024/02/19 14:56:33 [notice] 1#1: signal 17 (SIGCHLD) received from 32
2024/02/19 14:56:33 [notice] 1#1: signal 17 (SIGCHLD) received from 29
2024/02/19 14:56:33 [notice] 1#1: worker process 29 exited with code 0
2024/02/19 14:56:33 [notice] 1#1: worker process 39 exited with code 0
2024/02/19 14:56:33 [notice] 1#1: worker process 43 exited with code 0
2024/02/19 14:56:33 [notice] 1#1: exit
2024/02/19 14:56:34 [notice] 1#1: using the "epoll" event method
2024/02/19 14:56:34 [notice] 1#1: nginx/1.25.4
2024/02/19 14:56:34 [notice] 1#1: built by gcc 12.2.1 20220924 (Alpine 12.2.1_git20220924-r10) 
2024/02/19 14:56:34 [notice] 1#1: OS: Linux 5.15.133.1-microsoft-standard-WSL2
2024/02/19 14:56:34 [notice] 1#1: getrlimit(RLIMIT_NOFILE): 1048576:1048576
2024/02/19 14:56:34 [notice] 1#1: start worker processes
2024/02/19 14:56:34 [notice] 1#1: start worker process 29
2024/02/19 14:56:34 [notice] 1#1: start worker process 30
2024/02/19 14:56:34 [notice] 1#1: start worker process 31
2024/02/19 14:56:34 [notice] 1#1: start worker process 32
2024/02/19 14:56:34 [notice] 1#1: start worker process 33
2024/02/19 14:56:34 [notice] 1#1: start worker process 34
2024/02/19 14:56:34 [notice] 1#1: start worker process 35
2024/02/19 14:56:34 [notice] 1#1: start worker process 36
2024/02/19 14:56:34 [notice] 1#1: start worker process 37
2024/02/19 14:56:34 [notice] 1#1: start worker process 38
2024/02/19 14:56:34 [notice] 1#1: start worker process 39
2024/02/19 14:56:34 [notice] 1#1: start worker process 40
2024/02/19 14:56:34 [notice] 1#1: start worker process 41
2024/02/19 14:56:34 [notice] 1#1: start worker process 42
2024/02/19 14:56:34 [notice] 1#1: start worker process 43
2024/02/19 14:56:34 [notice] 1#1: start worker process 44
2024/02/19 15:37:29 [error] 42#42: *23 connect() failed (111: Connection refused) while connecting to upstream, client: 172.20.0.1, server: , request: "GET / HTTP/1.1", upstream: "fastcgi://172.20.0.5:9000", host: "localhost:8000"
2024/02/19 15:37:55 [notice] 1#1: signal 3 (SIGQUIT) received, shutting down
2024/02/19 15:37:55 [notice] 29#29: gracefully shutting down
2024/02/19 15:37:55 [notice] 30#30: gracefully shutting down
2024/02/19 15:37:55 [notice] 31#31: gracefully shutting down
2024/02/19 15:37:55 [notice] 32#32: gracefully shutting down
2024/02/19 15:37:55 [notice] 33#33: gracefully shutting down
2024/02/19 15:37:55 [notice] 35#35: gracefully shutting down
2024/02/19 15:37:55 [notice] 34#34: gracefully shutting down
2024/02/19 15:37:55 [notice] 34#34: exiting
2024/02/19 15:37:55 [notice] 39#39: gracefully shutting down
2024/02/19 15:37:55 [notice] 36#36: gracefully shutting down
2024/02/19 15:37:55 [notice] 37#37: gracefully shutting down
2024/02/19 15:37:55 [notice] 40#40: gracefully shutting down
2024/02/19 15:37:55 [notice] 41#41: gracefully shutting down
2024/02/19 15:37:55 [notice] 42#42: gracefully shutting down
2024/02/19 15:37:55 [notice] 29#29: exiting
2024/02/19 15:37:55 [notice] 38#38: gracefully shutting down
2024/02/19 15:37:55 [notice] 44#44: gracefully shutting down
2024/02/19 15:37:55 [notice] 43#43: gracefully shutting down
2024/02/19 15:37:55 [notice] 30#30: exiting
2024/02/19 15:37:55 [notice] 31#31: exiting
2024/02/19 15:37:55 [notice] 32#32: exiting
2024/02/19 15:37:55 [notice] 33#33: exiting
2024/02/19 15:37:55 [notice] 35#35: exiting
2024/02/19 15:37:55 [notice] 34#34: exit
2024/02/19 15:37:55 [notice] 39#39: exiting
2024/02/19 15:37:55 [notice] 36#36: exiting
2024/02/19 15:37:55 [notice] 37#37: exiting
2024/02/19 15:37:55 [notice] 40#40: exiting
2024/02/19 15:37:55 [notice] 41#41: exiting
2024/02/19 15:37:55 [notice] 42#42: exiting
2024/02/19 15:37:55 [notice] 29#29: exit
2024/02/19 15:37:55 [notice] 38#38: exiting
2024/02/19 15:37:55 [notice] 44#44: exiting
2024/02/19 15:37:55 [notice] 30#30: exit
2024/02/19 15:37:55 [notice] 31#31: exit
2024/02/19 15:37:55 [notice] 32#32: exit
2024/02/19 15:37:55 [notice] 33#33: exit
2024/02/19 15:37:55 [notice] 35#35: exit
2024/02/19 15:37:55 [notice] 39#39: exit
2024/02/19 15:37:55 [notice] 36#36: exit
2024/02/19 15:37:55 [notice] 37#37: exit
2024/02/19 15:37:55 [notice] 40#40: exit
2024/02/19 15:37:55 [notice] 41#41: exit
2024/02/19 15:37:55 [notice] 42#42: exit
2024/02/19 15:37:55 [notice] 38#38: exit
2024/02/19 15:37:55 [notice] 44#44: exit
2024/02/19 15:37:55 [notice] 1#1: signal 17 (SIGCHLD) received from 42
2024/02/19 15:37:55 [notice] 1#1: worker process 36 exited with code 0
2024/02/19 15:37:55 [notice] 1#1: worker process 42 exited with code 0
2024/02/19 15:37:55 [notice] 1#1: signal 29 (SIGIO) received
2024/02/19 15:37:56 [notice] 1#1: signal 17 (SIGCHLD) received from 41
2024/02/19 15:37:56 [notice] 1#1: worker process 29 exited with code 0
2024/02/19 15:37:56 [notice] 1#1: worker process 30 exited with code 0
2024/02/19 15:37:56 [notice] 1#1: worker process 33 exited with code 0
2024/02/19 15:37:56 [notice] 1#1: worker process 34 exited with code 0
2024/02/19 15:37:56 [notice] 1#1: worker process 37 exited with code 0
2024/02/19 15:37:56 [notice] 1#1: worker process 40 exited with code 0
2024/02/19 15:37:56 [notice] 1#1: worker process 41 exited with code 0
2024/02/19 15:37:56 [notice] 1#1: signal 29 (SIGIO) received
2024/02/19 15:37:56 [notice] 1#1: signal 17 (SIGCHLD) received from 34
2024/02/19 15:37:56 [notice] 1#1: signal 17 (SIGCHLD) received from 39
2024/02/19 15:37:56 [notice] 1#1: worker process 31 exited with code 0
2024/02/19 15:37:56 [notice] 1#1: worker process 39 exited with code 0
2024/02/19 15:37:56 [notice] 1#1: signal 29 (SIGIO) received
2024/02/19 15:37:56 [notice] 1#1: signal 17 (SIGCHLD) received from 32
2024/02/19 15:37:56 [notice] 1#1: worker process 32 exited with code 0
2024/02/19 15:37:56 [notice] 1#1: worker process 35 exited with code 0
2024/02/19 15:37:56 [notice] 1#1: worker process 44 exited with code 0
2024/02/19 15:37:56 [notice] 1#1: signal 29 (SIGIO) received
2024/02/19 15:37:56 [notice] 1#1: signal 17 (SIGCHLD) received from 38
2024/02/19 15:37:56 [notice] 1#1: worker process 38 exited with code 0
2024/02/19 15:37:56 [notice] 1#1: signal 29 (SIGIO) received
2024/02/19 15:38:06 [notice] 1#1: using the "epoll" event method
2024/02/19 15:38:06 [notice] 1#1: nginx/1.25.4
2024/02/19 15:38:06 [notice] 1#1: built by gcc 12.2.1 20220924 (Alpine 12.2.1_git20220924-r10) 
2024/02/19 15:38:06 [notice] 1#1: OS: Linux 5.15.133.1-microsoft-standard-WSL2
2024/02/19 15:38:06 [notice] 1#1: getrlimit(RLIMIT_NOFILE): 1048576:1048576
2024/02/19 15:38:06 [notice] 1#1: start worker processes
2024/02/19 15:38:06 [notice] 1#1: start worker process 29
2024/02/19 15:38:06 [notice] 1#1: start worker process 30
2024/02/19 15:38:06 [notice] 1#1: start worker process 31
2024/02/19 15:38:06 [notice] 1#1: start worker process 32
2024/02/19 15:38:06 [notice] 1#1: start worker process 33
2024/02/19 15:38:06 [notice] 1#1: start worker process 34
2024/02/19 15:38:06 [notice] 1#1: start worker process 35
2024/02/19 15:38:06 [notice] 1#1: start worker process 36
2024/02/19 15:38:06 [notice] 1#1: start worker process 37
2024/02/19 15:38:06 [notice] 1#1: start worker process 38
2024/02/19 15:38:06 [notice] 1#1: start worker process 39
2024/02/19 15:38:06 [notice] 1#1: start worker process 40
2024/02/19 15:38:06 [notice] 1#1: start worker process 41
2024/02/19 15:38:06 [notice] 1#1: start worker process 42
2024/02/19 15:38:06 [notice] 1#1: start worker process 43
2024/02/19 15:38:06 [notice] 1#1: start worker process 44
2024/02/19 15:38:11 [notice] 1#1: signal 3 (SIGQUIT) received, shutting down
2024/02/19 15:38:11 [notice] 29#29: gracefully shutting down
2024/02/19 15:38:11 [notice] 43#43: gracefully shutting down
2024/02/19 15:38:11 [notice] 30#30: gracefully shutting down
2024/02/19 15:38:11 [notice] 31#31: gracefully shutting down
2024/02/19 15:38:11 [notice] 32#32: gracefully shutting down
2024/02/19 15:38:11 [notice] 34#34: gracefully shutting down
2024/02/19 15:38:11 [notice] 34#34: exiting
2024/02/19 15:38:11 [notice] 33#33: gracefully shutting down
2024/02/19 15:38:11 [notice] 37#37: gracefully shutting down
2024/02/19 15:38:11 [notice] 35#35: gracefully shutting down
2024/02/19 15:38:11 [notice] 38#38: gracefully shutting down
2024/02/19 15:38:11 [notice] 36#36: gracefully shutting down
2024/02/19 15:38:11 [notice] 40#40: gracefully shutting down
2024/02/19 15:38:11 [notice] 39#39: gracefully shutting down
2024/02/19 15:38:11 [notice] 42#42: gracefully shutting down
2024/02/19 15:38:11 [notice] 41#41: gracefully shutting down
2024/02/19 15:38:11 [notice] 44#44: gracefully shutting down
2024/02/19 15:38:11 [notice] 29#29: exiting
2024/02/19 15:38:11 [notice] 43#43: exiting
2024/02/19 15:38:11 [notice] 30#30: exiting
2024/02/19 15:38:11 [notice] 31#31: exiting
2024/02/19 15:38:11 [notice] 32#32: exiting
2024/02/19 15:38:11 [notice] 31#31: exit
2024/02/19 15:38:11 [notice] 34#34: exit
2024/02/19 15:38:11 [notice] 33#33: exiting
2024/02/19 15:38:11 [notice] 37#37: exiting
2024/02/19 15:38:11 [notice] 35#35: exiting
2024/02/19 15:38:11 [notice] 38#38: exiting
2024/02/19 15:38:11 [notice] 36#36: exiting
2024/02/19 15:38:11 [notice] 40#40: exiting
2024/02/19 15:38:11 [notice] 39#39: exiting
2024/02/19 15:38:11 [notice] 42#42: exiting
2024/02/19 15:38:11 [notice] 41#41: exiting
2024/02/19 15:38:11 [notice] 44#44: exiting
2024/02/19 15:38:11 [notice] 29#29: exit
2024/02/19 15:38:11 [notice] 43#43: exit
2024/02/19 15:38:11 [notice] 30#30: exit
2024/02/19 15:38:11 [notice] 32#32: exit
2024/02/19 15:38:11 [notice] 33#33: exit
2024/02/19 15:38:11 [notice] 37#37: exit
2024/02/19 15:38:11 [notice] 35#35: exit
2024/02/19 15:38:11 [notice] 38#38: exit
2024/02/19 15:38:11 [notice] 36#36: exit
2024/02/19 15:38:11 [notice] 40#40: exit
2024/02/19 15:38:11 [notice] 39#39: exit
2024/02/19 15:38:11 [notice] 42#42: exit
2024/02/19 15:38:11 [notice] 41#41: exit
2024/02/19 15:38:11 [notice] 44#44: exit
2024/02/19 15:38:11 [notice] 1#1: signal 17 (SIGCHLD) received from 31
2024/02/19 15:38:11 [notice] 1#1: worker process 31 exited with code 0
2024/02/19 15:38:11 [notice] 1#1: worker process 38 exited with code 0
2024/02/19 15:38:11 [notice] 1#1: signal 29 (SIGIO) received
2024/02/19 15:38:11 [notice] 1#1: signal 17 (SIGCHLD) received from 40
2024/02/19 15:38:11 [notice] 1#1: worker process 40 exited with code 0
2024/02/19 15:38:11 [notice] 1#1: worker process 43 exited with code 0
2024/02/19 15:38:11 [notice] 1#1: worker process 44 exited with code 0
2024/02/19 15:38:11 [notice] 1#1: signal 29 (SIGIO) received
2024/02/19 15:38:11 [notice] 1#1: signal 17 (SIGCHLD) received from 30
2024/02/19 15:38:11 [notice] 1#1: worker process 30 exited with code 0
2024/02/19 15:38:11 [notice] 1#1: worker process 32 exited with code 0
2024/02/19 15:38:11 [notice] 1#1: worker process 35 exited with code 0
2024/02/19 15:38:11 [notice] 1#1: worker process 42 exited with code 0
2024/02/19 15:38:11 [notice] 1#1: signal 29 (SIGIO) received
2024/02/19 15:38:11 [notice] 1#1: signal 17 (SIGCHLD) received from 42
2024/02/19 15:38:11 [notice] 1#1: signal 17 (SIGCHLD) received from 33
2024/02/19 15:38:11 [notice] 1#1: worker process 29 exited with code 0
2024/02/19 15:38:11 [notice] 1#1: worker process 33 exited with code 0
2024/02/19 15:38:11 [notice] 1#1: worker process 41 exited with code 0
2024/02/19 15:38:11 [notice] 1#1: signal 29 (SIGIO) received
2024/02/19 15:38:11 [notice] 1#1: signal 17 (SIGCHLD) received from 29
2024/02/19 15:38:11 [notice] 1#1: signal 17 (SIGCHLD) received from 36
2024/02/19 15:38:11 [notice] 1#1: worker process 36 exited with code 0
2024/02/19 15:38:11 [notice] 1#1: signal 29 (SIGIO) received
2024/02/19 15:38:11 [notice] 1#1: signal 17 (SIGCHLD) received from 37
2024/02/19 15:38:11 [notice] 1#1: worker process 34 exited with code 0
2024/02/19 15:38:11 [notice] 1#1: worker process 37 exited with code 0
2024/02/19 15:38:11 [notice] 1#1: worker process 39 exited with code 0
2024/02/19 15:38:11 [notice] 1#1: exit
2024/02/19 15:38:12 [notice] 1#1: using the "epoll" event method
2024/02/19 15:38:12 [notice] 1#1: nginx/1.25.4
2024/02/19 15:38:12 [notice] 1#1: built by gcc 12.2.1 20220924 (Alpine 12.2.1_git20220924-r10) 
2024/02/19 15:38:12 [notice] 1#1: OS: Linux 5.15.133.1-microsoft-standard-WSL2
2024/02/19 15:38:12 [notice] 1#1: getrlimit(RLIMIT_NOFILE): 1048576:1048576
2024/02/19 15:38:12 [notice] 1#1: start worker processes
2024/02/19 15:38:12 [notice] 1#1: start worker process 29
2024/02/19 15:38:12 [notice] 1#1: start worker process 30
2024/02/19 15:38:12 [notice] 1#1: start worker process 31
2024/02/19 15:38:12 [notice] 1#1: start worker process 32
2024/02/19 15:38:12 [notice] 1#1: start worker process 33
2024/02/19 15:38:12 [notice] 1#1: start worker process 34
2024/02/19 15:38:12 [notice] 1#1: start worker process 35
2024/02/19 15:38:12 [notice] 1#1: start worker process 36
2024/02/19 15:38:12 [notice] 1#1: start worker process 37
2024/02/19 15:38:12 [notice] 1#1: start worker process 38
2024/02/19 15:38:12 [notice] 1#1: start worker process 39
2024/02/19 15:38:12 [notice] 1#1: start worker process 40
2024/02/19 15:38:12 [notice] 1#1: start worker process 41
2024/02/19 15:38:12 [notice] 1#1: start worker process 42
2024/02/19 15:38:12 [notice] 1#1: start worker process 43
2024/02/19 15:38:12 [notice] 1#1: start worker process 44
2024/02/19 16:05:17 [notice] 1#1: signal 3 (SIGQUIT) received, shutting down
2024/02/19 16:05:17 [notice] 29#29: gracefully shutting down
2024/02/19 16:05:17 [notice] 38#38: gracefully shutting down
2024/02/19 16:05:17 [notice] 32#32: gracefully shutting down
2024/02/19 16:05:17 [notice] 36#36: gracefully shutting down
2024/02/19 16:05:17 [notice] 35#35: gracefully shutting down
2024/02/19 16:05:17 [notice] 35#35: exiting
2024/02/19 16:05:17 [notice] 40#40: gracefully shutting down
2024/02/19 16:05:17 [notice] 42#42: gracefully shutting down
2024/02/19 16:05:17 [notice] 43#43: gracefully shutting down
2024/02/19 16:05:17 [notice] 43#43: exiting
2024/02/19 16:05:17 [notice] 41#41: gracefully shutting down
2024/02/19 16:05:17 [notice] 41#41: exiting
2024/02/19 16:05:17 [notice] 44#44: gracefully shutting down
2024/02/19 16:05:17 [notice] 44#44: exiting
2024/02/19 16:05:17 [notice] 34#34: gracefully shutting down
2024/02/19 16:05:17 [notice] 37#37: gracefully shutting down
2024/02/19 16:05:17 [notice] 29#29: exiting
2024/02/19 16:05:17 [notice] 31#31: gracefully shutting down
2024/02/19 16:05:17 [notice] 31#31: exiting
2024/02/19 16:05:17 [notice] 39#39: gracefully shutting down
2024/02/19 16:05:17 [notice] 31#31: exit
2024/02/19 16:05:17 [notice] 33#33: gracefully shutting down
2024/02/19 16:05:17 [notice] 30#30: gracefully shutting down
2024/02/19 16:05:17 [notice] 38#38: exiting
2024/02/19 16:05:17 [notice] 32#32: exiting
2024/02/19 16:05:17 [notice] 36#36: exiting
2024/02/19 16:05:17 [notice] 35#35: exit
2024/02/19 16:05:17 [notice] 40#40: exiting
2024/02/19 16:05:17 [notice] 42#42: exiting
2024/02/19 16:05:17 [notice] 41#41: exit
2024/02/19 16:05:17 [notice] 43#43: exit
2024/02/19 16:05:17 [notice] 44#44: exit
2024/02/19 16:05:17 [notice] 34#34: exiting
2024/02/19 16:05:17 [notice] 37#37: exiting
2024/02/19 16:05:17 [notice] 34#34: exit
2024/02/19 16:05:17 [notice] 29#29: exit
2024/02/19 16:05:17 [notice] 39#39: exiting
2024/02/19 16:05:17 [notice] 33#33: exiting
2024/02/19 16:05:17 [notice] 30#30: exiting
2024/02/19 16:05:17 [notice] 38#38: exit
2024/02/19 16:05:17 [notice] 32#32: exit
2024/02/19 16:05:17 [notice] 36#36: exit
2024/02/19 16:05:17 [notice] 40#40: exit
2024/02/19 16:05:17 [notice] 42#42: exit
2024/02/19 16:05:17 [notice] 37#37: exit
2024/02/19 16:05:17 [notice] 39#39: exit
2024/02/19 16:05:17 [notice] 33#33: exit
2024/02/19 16:05:17 [notice] 30#30: exit
2024/02/19 16:05:17 [notice] 1#1: signal 17 (SIGCHLD) received from 29
2024/02/19 16:05:17 [notice] 1#1: worker process 29 exited with code 0
2024/02/19 16:05:17 [notice] 1#1: worker process 33 exited with code 0
2024/02/19 16:05:17 [notice] 1#1: signal 29 (SIGIO) received
2024/02/19 16:05:17 [notice] 1#1: signal 17 (SIGCHLD) received from 36
2024/02/19 16:05:17 [notice] 1#1: worker process 36 exited with code 0
2024/02/19 16:05:17 [notice] 1#1: signal 29 (SIGIO) received
2024/02/19 16:05:17 [notice] 1#1: signal 17 (SIGCHLD) received from 42
2024/02/19 16:05:17 [notice] 1#1: worker process 42 exited with code 0
2024/02/19 16:05:17 [notice] 1#1: signal 29 (SIGIO) received
2024/02/19 16:05:17 [notice] 1#1: signal 17 (SIGCHLD) received from 35
2024/02/19 16:05:17 [notice] 1#1: worker process 30 exited with code 0
2024/02/19 16:05:17 [notice] 1#1: worker process 31 exited with code 0
2024/02/19 16:05:17 [notice] 1#1: worker process 34 exited with code 0
2024/02/19 16:05:17 [notice] 1#1: worker process 35 exited with code 0
2024/02/19 16:05:17 [notice] 1#1: worker process 37 exited with code 0
2024/02/19 16:05:17 [notice] 1#1: worker process 38 exited with code 0
2024/02/19 16:05:17 [notice] 1#1: worker process 43 exited with code 0
2024/02/19 16:05:17 [notice] 1#1: signal 29 (SIGIO) received
2024/02/19 16:05:17 [notice] 1#1: signal 17 (SIGCHLD) received from 37
2024/02/19 16:05:17 [notice] 1#1: signal 17 (SIGCHLD) received from 39
2024/02/19 16:05:17 [notice] 1#1: worker process 39 exited with code 0
2024/02/19 16:05:17 [notice] 1#1: worker process 40 exited with code 0
2024/02/19 16:05:17 [notice] 1#1: worker process 41 exited with code 0
2024/02/19 16:05:17 [notice] 1#1: signal 29 (SIGIO) received
2024/02/19 16:05:17 [notice] 1#1: signal 17 (SIGCHLD) received from 41
2024/02/19 16:05:17 [notice] 1#1: signal 17 (SIGCHLD) received from 32
2024/02/19 16:05:17 [notice] 1#1: worker process 32 exited with code 0
2024/02/19 16:05:17 [notice] 1#1: worker process 44 exited with code 0
2024/02/19 16:05:17 [notice] 1#1: exit
2024/02/20 00:46:15 [notice] 1#1: using the "epoll" event method
2024/02/20 00:46:15 [notice] 1#1: nginx/1.25.4
2024/02/20 00:46:15 [notice] 1#1: built by gcc 12.2.1 20220924 (Alpine 12.2.1_git20220924-r10) 
2024/02/20 00:46:15 [notice] 1#1: OS: Linux 5.15.133.1-microsoft-standard-WSL2
2024/02/20 00:46:15 [notice] 1#1: getrlimit(RLIMIT_NOFILE): 1048576:1048576
2024/02/20 00:46:15 [notice] 1#1: start worker processes
2024/02/20 00:46:15 [notice] 1#1: start worker process 29
2024/02/20 00:46:15 [notice] 1#1: start worker process 30
2024/02/20 00:46:15 [notice] 1#1: start worker process 31
2024/02/20 00:46:15 [notice] 1#1: start worker process 32
2024/02/20 00:46:15 [notice] 1#1: start worker process 33
2024/02/20 00:46:15 [notice] 1#1: start worker process 34
2024/02/20 00:46:15 [notice] 1#1: start worker process 35
2024/02/20 00:46:15 [notice] 1#1: start worker process 36
2024/02/20 00:46:15 [notice] 1#1: start worker process 37
2024/02/20 00:46:15 [notice] 1#1: start worker process 38
2024/02/20 00:46:15 [notice] 1#1: start worker process 39
2024/02/20 00:46:15 [notice] 1#1: start worker process 40
2024/02/20 00:46:15 [notice] 1#1: start worker process 41
2024/02/20 00:46:15 [notice] 1#1: start worker process 42
2024/02/20 00:46:15 [notice] 1#1: start worker process 43
2024/02/20 00:46:15 [notice] 1#1: start worker process 44
2024/02/20 01:01:37 [error] 29#29: *1 connect() failed (111: Connection refused) while connecting to upstream, client: 172.18.0.1, server: , request: "OPTIONS /api/register HTTP/1.1", upstream: "fastcgi://172.18.0.6:9000", host: "127.0.0.1:8000", referrer: "http://localhost:3000/"
2024/02/20 01:02:03 [error] 30#30: *3 connect() failed (111: Connection refused) while connecting to upstream, client: 172.18.0.1, server: , request: "GET / HTTP/1.1", upstream: "fastcgi://172.18.0.6:9000", host: "localhost:8000"
2024/02/20 01:02:43 [error] 30#30: *3 connect() failed (111: Connection refused) while connecting to upstream, client: 172.18.0.1, server: , request: "GET / HTTP/1.1", upstream: "fastcgi://172.18.0.6:9000", host: "localhost:8000"
2024/02/20 01:03:48 [notice] 1#1: signal 3 (SIGQUIT) received, shutting down
2024/02/20 01:03:48 [notice] 29#29: gracefully shutting down
2024/02/20 01:03:48 [notice] 33#33: gracefully shutting down
2024/02/20 01:03:48 [notice] 32#32: gracefully shutting down
2024/02/20 01:03:48 [notice] 34#34: gracefully shutting down
2024/02/20 01:03:48 [notice] 31#31: gracefully shutting down
2024/02/20 01:03:48 [notice] 35#35: gracefully shutting down
2024/02/20 01:03:48 [notice] 35#35: exiting
2024/02/20 01:03:48 [notice] 37#37: gracefully shutting down
2024/02/20 01:03:48 [notice] 36#36: gracefully shutting down
2024/02/20 01:03:48 [notice] 38#38: gracefully shutting down
2024/02/20 01:03:48 [notice] 39#39: gracefully shutting down
2024/02/20 01:03:48 [notice] 40#40: gracefully shutting down
2024/02/20 01:03:48 [notice] 41#41: gracefully shutting down
2024/02/20 01:03:48 [notice] 42#42: gracefully shutting down
2024/02/20 01:03:48 [notice] 42#42: exiting
2024/02/20 01:03:48 [notice] 43#43: gracefully shutting down
2024/02/20 01:03:48 [notice] 43#43: exiting
2024/02/20 01:03:48 [notice] 44#44: gracefully shutting down
2024/02/20 01:03:48 [notice] 30#30: gracefully shutting down
2024/02/20 01:03:48 [notice] 29#29: exiting
2024/02/20 01:03:48 [notice] 33#33: exiting
2024/02/20 01:03:48 [notice] 32#32: exiting
2024/02/20 01:03:48 [notice] 34#34: exiting
2024/02/20 01:03:48 [notice] 31#31: exiting
2024/02/20 01:03:48 [notice] 35#35: exit
2024/02/20 01:03:48 [notice] 37#37: exiting
2024/02/20 01:03:48 [notice] 36#36: exiting
2024/02/20 01:03:48 [notice] 39#39: exiting
2024/02/20 01:03:48 [notice] 40#40: exiting
2024/02/20 01:03:48 [notice] 38#38: exiting
2024/02/20 01:03:48 [notice] 41#41: exiting
2024/02/20 01:03:48 [notice] 42#42: exit
2024/02/20 01:03:48 [notice] 43#43: exit
2024/02/20 01:03:48 [notice] 44#44: exiting
2024/02/20 01:03:48 [notice] 30#30: exiting
2024/02/20 01:03:48 [notice] 29#29: exit
2024/02/20 01:03:48 [notice] 33#33: exit
2024/02/20 01:03:48 [notice] 32#32: exit
2024/02/20 01:03:48 [notice] 34#34: exit
2024/02/20 01:03:48 [notice] 31#31: exit
2024/02/20 01:03:48 [notice] 37#37: exit
2024/02/20 01:03:48 [notice] 36#36: exit
2024/02/20 01:03:48 [notice] 39#39: exit
2024/02/20 01:03:48 [notice] 40#40: exit
2024/02/20 01:03:48 [notice] 38#38: exit
2024/02/20 01:03:48 [notice] 41#41: exit
2024/02/20 01:03:48 [notice] 44#44: exit
2024/02/20 01:03:48 [notice] 30#30: exit
2024/02/20 01:03:48 [notice] 1#1: signal 17 (SIGCHLD) received from 35
2024/02/20 01:03:48 [notice] 1#1: worker process 35 exited with code 0
2024/02/20 01:03:48 [notice] 1#1: signal 29 (SIGIO) received
2024/02/20 01:03:48 [notice] 1#1: signal 17 (SIGCHLD) received from 29
2024/02/20 01:03:48 [notice] 1#1: worker process 29 exited with code 0
2024/02/20 01:03:48 [notice] 1#1: worker process 44 exited with code 0
2024/02/20 01:03:48 [notice] 1#1: signal 29 (SIGIO) received
2024/02/20 01:03:48 [notice] 1#1: signal 17 (SIGCHLD) received from 38
2024/02/20 01:03:48 [notice] 1#1: worker process 31 exited with code 0
2024/02/20 01:03:48 [notice] 1#1: worker process 36 exited with code 0
2024/02/20 01:03:48 [notice] 1#1: worker process 38 exited with code 0
2024/02/20 01:03:48 [notice] 1#1: worker process 43 exited with code 0
2024/02/20 01:03:48 [notice] 1#1: signal 29 (SIGIO) received
2024/02/20 01:03:48 [notice] 1#1: signal 17 (SIGCHLD) received from 32
2024/02/20 01:03:48 [notice] 1#1: worker process 32 exited with code 0
2024/02/20 01:03:48 [notice] 1#1: signal 29 (SIGIO) received
2024/02/20 01:03:48 [notice] 1#1: signal 17 (SIGCHLD) received from 33
2024/02/20 01:03:48 [notice] 1#1: worker process 30 exited with code 0
2024/02/20 01:03:48 [notice] 1#1: worker process 33 exited with code 0
2024/02/20 01:03:48 [notice] 1#1: worker process 37 exited with code 0
2024/02/20 01:03:48 [notice] 1#1: worker process 39 exited with code 0
2024/02/20 01:03:48 [notice] 1#1: worker process 42 exited with code 0
2024/02/20 01:03:48 [notice] 1#1: signal 29 (SIGIO) received
2024/02/20 01:03:48 [notice] 1#1: signal 17 (SIGCHLD) received from 30
2024/02/20 01:03:48 [notice] 1#1: signal 17 (SIGCHLD) received from 34
2024/02/20 01:03:48 [notice] 1#1: worker process 34 exited with code 0
2024/02/20 01:03:48 [notice] 1#1: worker process 40 exited with code 0
2024/02/20 01:03:48 [notice] 1#1: signal 29 (SIGIO) received
2024/02/20 01:03:48 [notice] 1#1: signal 17 (SIGCHLD) received from 40
2024/02/20 01:03:48 [notice] 1#1: signal 17 (SIGCHLD) received from 41
2024/02/20 01:03:48 [notice] 1#1: worker process 41 exited with code 0
2024/02/20 01:03:48 [notice] 1#1: exit
2024/02/20 01:03:49 [notice] 1#1: using the "epoll" event method
2024/02/20 01:03:49 [notice] 1#1: nginx/1.25.4
2024/02/20 01:03:49 [notice] 1#1: built by gcc 12.2.1 20220924 (Alpine 12.2.1_git20220924-r10) 
2024/02/20 01:03:49 [notice] 1#1: OS: Linux 5.15.133.1-microsoft-standard-WSL2
2024/02/20 01:03:49 [notice] 1#1: getrlimit(RLIMIT_NOFILE): 1048576:1048576
2024/02/20 01:03:49 [notice] 1#1: start worker processes
2024/02/20 01:03:49 [notice] 1#1: start worker process 29
2024/02/20 01:03:49 [notice] 1#1: start worker process 30
2024/02/20 01:03:49 [notice] 1#1: start worker process 31
2024/02/20 01:03:49 [notice] 1#1: start worker process 32
2024/02/20 01:03:49 [notice] 1#1: start worker process 33
2024/02/20 01:03:49 [notice] 1#1: start worker process 34
2024/02/20 01:03:49 [notice] 1#1: start worker process 35
2024/02/20 01:03:49 [notice] 1#1: start worker process 36
2024/02/20 01:03:49 [notice] 1#1: start worker process 37
2024/02/20 01:03:49 [notice] 1#1: start worker process 38
2024/02/20 01:03:49 [notice] 1#1: start worker process 39
2024/02/20 01:03:49 [notice] 1#1: start worker process 40
2024/02/20 01:03:49 [notice] 1#1: start worker process 41
2024/02/20 01:03:49 [notice] 1#1: start worker process 42
2024/02/20 01:03:49 [notice] 1#1: start worker process 43
2024/02/20 01:03:49 [notice] 1#1: start worker process 44
2024/02/20 01:12:30 [notice] 1#1: signal 3 (SIGQUIT) received, shutting down
2024/02/20 01:12:30 [notice] 29#29: gracefully shutting down
2024/02/20 01:12:30 [notice] 33#33: gracefully shutting down
2024/02/20 01:12:30 [notice] 30#30: gracefully shutting down
2024/02/20 01:12:30 [notice] 30#30: exiting
2024/02/20 01:12:30 [notice] 32#32: gracefully shutting down
2024/02/20 01:12:30 [notice] 39#39: gracefully shutting down
2024/02/20 01:12:30 [notice] 40#40: gracefully shutting down
2024/02/20 01:12:30 [notice] 34#34: gracefully shutting down
2024/02/20 01:12:30 [notice] 43#43: gracefully shutting down
2024/02/20 01:12:30 [notice] 43#43: exiting
2024/02/20 01:12:30 [notice] 41#41: gracefully shutting down
2024/02/20 01:12:30 [notice] 31#31: gracefully shutting down
2024/02/20 01:12:30 [notice] 42#42: gracefully shutting down
2024/02/20 01:12:30 [notice] 35#35: gracefully shutting down
2024/02/20 01:12:30 [notice] 37#37: gracefully shutting down
2024/02/20 01:12:30 [notice] 38#38: gracefully shutting down
2024/02/20 01:12:30 [notice] 36#36: gracefully shutting down
2024/02/20 01:12:30 [notice] 44#44: gracefully shutting down
2024/02/20 01:12:30 [notice] 29#29: exiting
2024/02/20 01:12:30 [notice] 33#33: exiting
2024/02/20 01:12:30 [notice] 30#30: exit
2024/02/20 01:12:30 [notice] 32#32: exiting
2024/02/20 01:12:30 [notice] 39#39: exiting
2024/02/20 01:12:30 [notice] 40#40: exiting
2024/02/20 01:12:30 [notice] 34#34: exiting
2024/02/20 01:12:30 [notice] 43#43: exit
2024/02/20 01:12:30 [notice] 41#41: exiting
2024/02/20 01:12:30 [notice] 31#31: exiting
2024/02/20 01:12:30 [notice] 42#42: exiting
2024/02/20 01:12:30 [notice] 35#35: exiting
2024/02/20 01:12:30 [notice] 37#37: exiting
2024/02/20 01:12:30 [notice] 38#38: exiting
2024/02/20 01:12:30 [notice] 36#36: exiting
2024/02/20 01:12:30 [notice] 44#44: exiting
2024/02/20 01:12:30 [notice] 29#29: exit
2024/02/20 01:12:30 [notice] 33#33: exit
2024/02/20 01:12:30 [notice] 32#32: exit
2024/02/20 01:12:30 [notice] 39#39: exit
2024/02/20 01:12:30 [notice] 40#40: exit
2024/02/20 01:12:30 [notice] 34#34: exit
2024/02/20 01:12:30 [notice] 41#41: exit
2024/02/20 01:12:30 [notice] 31#31: exit
2024/02/20 01:12:30 [notice] 42#42: exit
2024/02/20 01:12:30 [notice] 35#35: exit
2024/02/20 01:12:30 [notice] 37#37: exit
2024/02/20 01:12:30 [notice] 38#38: exit
2024/02/20 01:12:30 [notice] 36#36: exit
2024/02/20 01:12:30 [notice] 44#44: exit
2024/02/20 01:12:30 [notice] 1#1: signal 17 (SIGCHLD) received from 33
2024/02/20 01:12:30 [notice] 1#1: worker process 33 exited with code 0
2024/02/20 01:12:30 [notice] 1#1: signal 29 (SIGIO) received
2024/02/20 01:12:30 [notice] 1#1: signal 17 (SIGCHLD) received from 42
2024/02/20 01:12:30 [notice] 1#1: worker process 35 exited with code 0
2024/02/20 01:12:30 [notice] 1#1: worker process 42 exited with code 0
2024/02/20 01:12:30 [notice] 1#1: worker process 43 exited with code 0
2024/02/20 01:12:30 [notice] 1#1: signal 29 (SIGIO) received
2024/02/20 01:12:30 [notice] 1#1: signal 17 (SIGCHLD) received from 30
2024/02/20 01:12:30 [notice] 1#1: worker process 30 exited with code 0
2024/02/20 01:12:30 [notice] 1#1: worker process 32 exited with code 0
2024/02/20 01:12:30 [notice] 1#1: worker process 34 exited with code 0
2024/02/20 01:12:30 [notice] 1#1: worker process 37 exited with code 0
2024/02/20 01:12:30 [notice] 1#1: worker process 38 exited with code 0
2024/02/20 01:12:30 [notice] 1#1: worker process 40 exited with code 0
2024/02/20 01:12:30 [notice] 1#1: worker process 41 exited with code 0
2024/02/20 01:12:30 [notice] 1#1: worker process 44 exited with code 0
2024/02/20 01:12:30 [notice] 1#1: signal 29 (SIGIO) received
2024/02/20 01:12:30 [notice] 1#1: signal 17 (SIGCHLD) received from 32
2024/02/20 01:12:30 [notice] 1#1: signal 17 (SIGCHLD) received from 36
2024/02/20 01:12:30 [notice] 1#1: worker process 36 exited with code 0
2024/02/20 01:12:30 [notice] 1#1: worker process 39 exited with code 0
2024/02/20 01:12:30 [notice] 1#1: signal 29 (SIGIO) received
2024/02/20 01:12:30 [notice] 1#1: signal 17 (SIGCHLD) received from 29
2024/02/20 01:12:30 [notice] 1#1: worker process 29 exited with code 0
2024/02/20 01:12:30 [notice] 1#1: worker process 31 exited with code 0
2024/02/20 01:12:30 [notice] 1#1: exit
